<?xml version="1.0" encoding="UTF-8"?>
<!-- Generated by org.testng.reporters.JUnitXMLReporter -->
<testsuite ignored="0" hostname="DESKTOP-58NN8DV" failures="0" tests="3" name="Test" time="95.448" errors="0" timestamp="2025-10-27T00:59:03 IST">
  <testcase classname="atlys.tests.ApplicationTest" name="testApplicationWithJsonData" time="21.187">
    <skipped/>
  </testcase> <!-- testApplicationWithJsonData -->
  <testcase classname="atlys.tests.ApplicationTest" name="testApplicationWithJsonData" time="64.372"/>
  <testcase classname="atlys.tests.ApplicationTest" name="testConfirmationOfPageSubmition" time="9.823"/>
</testsuite> <!-- Test -->
