<?xml version="1.0" encoding="UTF-8"?>
<testng-results ignored="0" total="2" passed="2" failed="0" skipped="0">
  <reporter-output>
  </reporter-output>
  <suite started-at="2025-10-27T02:11:28 IST" name="Suite" finished-at="2025-10-27T02:12:27 IST" duration-ms="59417">
    <groups>
    </groups>
    <test started-at="2025-10-27T02:11:28 IST" name="Test" finished-at="2025-10-27T02:12:27 IST" duration-ms="59417">
      <class name="atlys.tests.ApplicationTest">
        <test-method is-config="true" signature="setup(java.lang.String)[pri:0, instance:atlys.tests.ApplicationTest@5ddabb18]" started-at="2025-10-27T02:11:20 IST" name="setup" finished-at="2025-10-27T02:11:28 IST" duration-ms="8316" status="PASS">
          <params>
            <param index="0">
              <value>
                <![CDATA[chrome]]>
              </value>
            </param>
          </params>
          <reporter-output>
          </reporter-output>
        </test-method> <!-- setup -->
        <test-method signature="testApplicationWithJsonData()[pri:1, instance:atlys.tests.ApplicationTest@5ddabb18]" started-at="2025-10-27T02:11:28 IST" name="testApplicationWithJsonData" description="Complete visa application form with JSON data" finished-at="2025-10-27T02:12:20 IST" duration-ms="51487" status="PASS">
          <reporter-output>
          </reporter-output>
        </test-method> <!-- testApplicationWithJsonData -->
        <test-method signature="testConfirmationOfPageSubmition()[pri:2, instance:atlys.tests.ApplicationTest@5ddabb18]" started-at="2025-10-27T02:12:20 IST" name="testConfirmationOfPageSubmition" description="Submition of application form" finished-at="2025-10-27T02:12:27 IST" duration-ms="7877" status="PASS">
          <reporter-output>
          </reporter-output>
        </test-method> <!-- testConfirmationOfPageSubmition -->
        <test-method is-config="true" signature="tearDown()[pri:0, instance:atlys.tests.ApplicationTest@5ddabb18]" started-at="2025-10-27T02:12:27 IST" name="tearDown" finished-at="2025-10-27T02:12:28 IST" duration-ms="257" status="PASS">
          <reporter-output>
          </reporter-output>
        </test-method> <!-- tearDown -->
      </class> <!-- atlys.tests.ApplicationTest -->
    </test> <!-- Test -->
  </suite> <!-- Suite -->
</testng-results>
