<?xml version="1.0" encoding="UTF-8"?>
<testng-results retried="1" ignored="0" total="3" passed="2" failed="0" skipped="0">
  <reporter-output>
  </reporter-output>
  <suite started-at="2025-10-27T00:57:27 IST" name="Suite" finished-at="2025-10-27T00:59:03 IST" duration-ms="95448">
    <groups>
    </groups>
    <test started-at="2025-10-27T00:57:27 IST" name="Test" finished-at="2025-10-27T00:59:03 IST" duration-ms="95448">
      <class name="atlys.tests.ApplicationTest">
        <test-method is-config="true" signature="setup(java.lang.String)[pri:0, instance:atlys.tests.ApplicationTest@1bc715b8]" started-at="2025-10-27T00:57:18 IST" name="setup" finished-at="2025-10-27T00:57:27 IST" duration-ms="8717" status="PASS">
          <params>
            <param index="0">
              <value>
                <![CDATA[chrome]]>
              </value>
            </param>
          </params>
          <reporter-output>
          </reporter-output>
        </test-method> <!-- setup -->
        <test-method retried="true" signature="testApplicationWithJsonData()[pri:1, instance:atlys.tests.ApplicationTest@1bc715b8]" started-at="2025-10-27T00:57:27 IST" name="testApplicationWithJsonData" description="Complete visa application form with JSON data" finished-at="2025-10-27T00:57:48 IST" duration-ms="21187" status="SKIP">
          <exception class="java.lang.AssertionError">
            <message>
              <![CDATA[Test failed: Failed to fetch or parse JSON from API]]>
            </message>
            <full-stacktrace>
              <![CDATA[java.lang.AssertionError: Test failed: Failed to fetch or parse JSON from API
at org.testng.Assert.fail(Assert.java:111)
at atlys.tests.ApplicationTest.testApplicationWithJsonData(ApplicationTest.java:30)
at java.base/jdk.internal.reflect.DirectMethodHandleAccessor.invoke(DirectMethodHandleAccessor.java:104)
at java.base/java.lang.reflect.Method.invoke(Method.java:577)
at org.testng.internal.invokers.MethodInvocationHelper.invokeMethod(MethodInvocationHelper.java:141)
at org.testng.internal.invokers.TestInvoker.invokeMethod(TestInvoker.java:687)
at org.testng.internal.invokers.TestInvoker.invokeTestMethod(TestInvoker.java:230)
at org.testng.internal.invokers.MethodRunner.runInSequence(MethodRunner.java:63)
at org.testng.internal.invokers.TestInvoker$MethodInvocationAgent.invoke(TestInvoker.java:995)
at org.testng.internal.invokers.TestInvoker.invokeTestMethods(TestInvoker.java:203)
at org.testng.internal.invokers.TestMethodWorker.invokeTestMethods(TestMethodWorker.java:154)
at org.testng.internal.invokers.TestMethodWorker.run(TestMethodWorker.java:134)
at java.base/java.util.ArrayList.forEach(ArrayList.java:1511)
at org.testng.TestRunner.privateRun(TestRunner.java:741)
at org.testng.TestRunner.run(TestRunner.java:616)
at org.testng.SuiteRunner.runTest(SuiteRunner.java:421)
at org.testng.SuiteRunner.runSequentially(SuiteRunner.java:413)
at org.testng.SuiteRunner.privateRun(SuiteRunner.java:373)
at org.testng.SuiteRunner.run(SuiteRunner.java:312)
at org.testng.SuiteRunnerWorker.runSuite(SuiteRunnerWorker.java:52)
at org.testng.SuiteRunnerWorker.run(SuiteRunnerWorker.java:95)
at org.testng.TestNG.runSuitesSequentially(TestNG.java:1274)
at org.testng.TestNG.runSuitesLocally(TestNG.java:1208)
at org.testng.TestNG.runSuites(TestNG.java:1112)
at org.testng.TestNG.run(TestNG.java:1079)
at org.testng.remote.AbstractRemoteTestNG.run(AbstractRemoteTestNG.java:115)
at org.testng.remote.RemoteTestNG.initAndRun(RemoteTestNG.java:293)
at org.testng.remote.RemoteTestNG.main(RemoteTestNG.java:91)
]]>
            </full-stacktrace>
          </exception> <!-- java.lang.AssertionError -->
          <reporter-output>
          </reporter-output>
        </test-method> <!-- testApplicationWithJsonData -->
        <test-method signature="testApplicationWithJsonData()[pri:1, instance:atlys.tests.ApplicationTest@1bc715b8]" started-at="2025-10-27T00:57:48 IST" name="testApplicationWithJsonData" description="Complete visa application form with JSON data" finished-at="2025-10-27T00:58:53 IST" duration-ms="64372" status="PASS">
          <reporter-output>
          </reporter-output>
        </test-method> <!-- testApplicationWithJsonData -->
        <test-method signature="testConfirmationOfPageSubmition()[pri:2, instance:atlys.tests.ApplicationTest@1bc715b8]" started-at="2025-10-27T00:58:53 IST" name="testConfirmationOfPageSubmition" description="Submition of application form" finished-at="2025-10-27T00:59:03 IST" duration-ms="9823" status="PASS">
          <reporter-output>
          </reporter-output>
        </test-method> <!-- testConfirmationOfPageSubmition -->
        <test-method is-config="true" signature="tearDown()[pri:0, instance:atlys.tests.ApplicationTest@1bc715b8]" started-at="2025-10-27T00:59:03 IST" name="tearDown" finished-at="2025-10-27T00:59:03 IST" duration-ms="1" status="PASS">
          <reporter-output>
          </reporter-output>
        </test-method> <!-- tearDown -->
      </class> <!-- atlys.tests.ApplicationTest -->
    </test> <!-- Test -->
  </suite> <!-- Suite -->
</testng-results>
