<?xml version="1.0" encoding="UTF-8"?>
<!-- Generated by org.testng.reporters.JUnitReportReporter -->
<testsuite hostname="DESKTOP-58NN8DV" failures="0" tests="2" name="atlys.tests.ApplicationTest" time="59.364" errors="0" timestamp="2025-10-27T02:12:28 IST" skipped="0">
  <testcase classname="atlys.tests.ApplicationTest" name="testApplicationWithJsonData" time="51.487"/>
  <testcase classname="atlys.tests.ApplicationTest" name="testConfirmationOfPageSubmition" time="7.877"/>
</testsuite> <!-- atlys.tests.ApplicationTest -->
