<?xml version="1.0" encoding="UTF-8"?>
<!-- Generated by org.testng.reporters.JUnitReportReporter -->
<testsuite hostname="DESKTOP-58NN8DV" failures="0" tests="3" name="atlys.tests.ApplicationTest" time="95.382" errors="0" timestamp="2025-10-27T00:59:03 IST" skipped="1">
  <testcase classname="atlys.tests.ApplicationTest" name="testApplicationWithJsonData" time="21.187">
    <skipped/>
  </testcase> <!-- testApplicationWithJsonData -->
  <testcase classname="atlys.tests.ApplicationTest" name="testApplicationWithJsonData" time="64.372"/>
  <testcase classname="atlys.tests.ApplicationTest" name="testConfirmationOfPageSubmition" time="9.823"/>
</testsuite> <!-- atlys.tests.ApplicationTest -->
